make all --print-data-base --no-builtin-variables --no-builtin-rules --question
# GNU Make 4.2.1
# Built for x86_64-pc-linux-gnu
# Copyright (C) 1988-2016 Free Software Foundation, Inc.
# License GPLv3+: GNU GPL version 3 or later <http://gnu.org/licenses/gpl.html>
# This is free software: you are free to change and redistribute it.
# There is NO WARRANTY, to the extent permitted by law.

# Make data base, printed on Thu Jun  9 18:51:07 2022

# Variables

# 'override' directive
GNUMAKEFLAGS := 
# automatic
<D = $(patsubst %/,%,$(dir $<))
# automatic
?F = $(notdir $?)
# environment
DESKTOP_SESSION = ubuntu
# default
.SHELLFLAGS := -c
# environment
XDG_SESSION_CLASS = user
# environment
XDG_SESSION_TYPE = x11
# environment
VSCODE_LOG_NATIVE = false
# automatic
?D = $(patsubst %/,%,$(dir $?))
# environment
IM_CONFIG_PHASE = 1
# automatic
@D = $(patsubst %/,%,$(dir $@))
# environment
XAUTHORITY = /run/user/1000/gdm/Xauthority
# environment
GDMSESSION = ubuntu
# environment
XMODIFIERS = @im=ibus
# makefile
CURDIR := /home/gmena/GoLangProjects/p2p-chat
# makefile
SHELL = /bin/sh
# environment
VSCODE_NLS_CONFIG = {"locale":"en-us","availableLanguages":{},"_languagePackSupport":true}
# environment
_ = /usr/share/code/code
# environment
JOURNAL_STREAM = 8:53925
# environment
XDG_CONFIG_DIRS = /etc/xdg/xdg-ubuntu:/etc/xdg
# makefile (from 'Makefile', line 1)
MAKEFILE_LIST :=  Makefile
# automatic
@F = $(notdir $@)
# environment
GIO_LAUNCHED_DESKTOP_FILE = /usr/share/applications/code.desktop
# environment
USERNAME = gmena
# environment
MAKELEVEL := 0
# environment
XDG_DATA_DIRS = /usr/share/ubuntu:/usr/local/share/:/usr/share/:/var/lib/snapd/desktop
# environment
VSCODE_AMD_ENTRYPOINT = vs/workbench/api/node/extensionHostProcess
# environment
DBUS_SESSION_BUS_ADDRESS = unix:path=/run/user/1000/bus
# makefile (from 'Makefile', line 6)
VERSION = 0.1.0
# environment
VSCODE_VERBOSE_LOGGING = true
# makefile (from 'Makefile', line 11)
BINARY_LINUX = ${BINARY}-linux
# environment
INFOPATH = /home/linuxbrew/.linuxbrew/share/info:
# makefile (from 'Makefile', line 20)
OSX_64 = ${BINARY_LINUX}-${ARCH_64}
# environment
MANAGERPID = 2030
# environment
VSCODE_IPC_HOOK_EXTHOST = /run/user/1000/vscode-ipc-15df7e85-ee14-4725-9eb8-cd0a688be486.sock
# environment
LC_NAME = es_NI.UTF-8
# makefile (from 'Makefile', line 5)
PACKAGE = p2p-noise
# environment
VSCODE_CWD = /home/gmena
# makefile (from 'Makefile', line 102)
GOPROXY = https://proxy.golang.org GO111MODULE=on go get github.com/${USER}/${PACKAGE}@v${VERSION}
# default
MAKE_HOST := x86_64-pc-linux-gnu
# environment
PATH = /home/gmena/sdk/go1.18.1/bin:/home/gmena/golang/go/bin:/home/gmena/.cargo/bin:/home/linuxbrew/.linuxbrew/bin:/home/linuxbrew/.linuxbrew/sbin:/home/gmena/.local/bin:/home/gmena/bin:/usr/local/sbin:/usr/local/bin:/usr/sbin:/usr/bin:/sbin:/bin:/usr/games:/usr/local/games:/snap/bin:/usr/local/go/bin:/usr/local/go/bin
# environment
GPG_AGENT_INFO = /run/user/1000/gnupg/S.gpg-agent:0:1
# environment
GJS_DEBUG_OUTPUT = stderr
# environment
SESSION_MANAGER = local/gmena-ThinkPad-P70:@/tmp/.ICE-unix/2453,unix/gmena-ThinkPad-P70:/tmp/.ICE-unix/2453
# environment
XDG_RUNTIME_DIR = /run/user/1000
# environment
GOPATH = /home/gmena/GoLangProjects/eshop/
# makefile (from 'Makefile', line 18)
WIN_64 = ${BINARY_WIN}-${ARCH_64}
# environment
XDG_MENU_PREFIX = gnome-
# environment
VSCODE_LOG_STACK = false
# environment
ELECTRON_RUN_AS_NODE = 1
# environment
INVOCATION_ID = b05d88ab21bb486e92ba72cee5cbad46
# default
.FEATURES := target-specific order-only second-expansion else-if shortest-stem undefine oneshell archives jobserver output-sync check-symlink load
# environment
XDG_SESSION_DESKTOP = ubuntu
# environment
SSH_AUTH_SOCK = /run/user/1000/keyring/ssh
# environment
GIO_LAUNCHED_DESKTOP_FILE_PID = 999956
# automatic
%F = $(notdir $%)
# environment
DISPLAY = :0
# environment
VSCODE_PIPE_LOGGING = true
# environment
PWD = /home/gmena/GoLangProjects/p2p-chat
# default
.LOADED := 
# environment
SSH_AGENT_PID = 2418
# environment
ORIGINAL_XDG_CURRENT_DESKTOP = ubuntu:GNOME
# environment
GTK_MODULES = gail:atk-bridge
# environment
MANPATH = /home/linuxbrew/.linuxbrew/share/man:
# environment
GOMODCACHE = /home/gmena/GoLangProjects/eshop/pkg/mod
# environment
HOME = /home/gmena
# makefile (from 'Makefile', line 13)
ARCH_64 = amd64
# environment
HOMEBREW_CELLAR = /home/linuxbrew/.linuxbrew/Cellar
# makefile (from 'Makefile', line 19)
WIN_32 = ${BINARY_WIN}-${ARCH_32}
# makefile (from 'Makefile', line 8)
BINARY = main
# environment
VSCODE_CODE_CACHE_PATH = /home/gmena/.config/Code/CachedData/4af164ea3a06f701fe3e89a2bcbb421d2026b68f
# environment
LOGNAME = gmena
# environment
APPLICATION_INSIGHTS_NO_DIAGNOSTIC_CHANNEL = 1
# automatic
+F = $(notdir $+)
# makefile (from 'Makefile', line 16)
LINUX_64 = ${BINARY_LINUX}-${ARCH_64}
# environment
VSCODE_HANDLES_UNCAUGHT_ERRORS = true
# environment
GNOME_DESKTOP_SESSION_ID = this-is-deprecated
# automatic
^D = $(patsubst %/,%,$(dir $^))
# environment
LC_TIME = es_NI.UTF-8
# default
MAKE = $(MAKE_COMMAND)
# default
MAKECMDGOALS := all
# environment
QT_IM_MODULE = ibus
# environment
SHLVL = 0
# environment
GNOME_SHELL_SESSION_MODE = ubuntu
# default
MAKE_VERSION := 4.2.1
# makefile (from 'Makefile', line 4)
USER = geolffreym
# environment
LC_MONETARY = es_NI.UTF-8
# makefile
.DEFAULT_GOAL := test
# environment
XDG_CURRENT_DESKTOP = Unity
# makefile (from 'Makefile', line 14)
ARCH_32 = 386
# automatic
%D = $(patsubst %/,%,$(dir $%))
# environment
LC_TELEPHONE = es_NI.UTF-8
# default
MAKE_COMMAND := make
# makefile (from 'Makefile', line 17)
LINUX_32 = ${BINARY_LINUX}-${ARCH_32}
# default
.VARIABLES := 
# automatic
*F = $(notdir $*)
# environment
VSCODE_IPC_HOOK = /run/user/1000/vscode-114bb07b-1.68.0-main.sock
# makefile
MAKEFLAGS = pqrR
# environment
MFLAGS = -pqrR
# automatic
*D = $(patsubst %/,%,$(dir $*))
# environment
HOMEBREW_SHELLENV_PREFIX = /home/linuxbrew/.linuxbrew
# environment
HOMEBREW_PREFIX = /home/linuxbrew/.linuxbrew
# automatic
+D = $(patsubst %/,%,$(dir $+))
# environment
GDK_BACKEND = x11
# environment
LC_PAPER = es_NI.UTF-8
# environment
HOMEBREW_REPOSITORY = /home/linuxbrew/.linuxbrew/Homebrew
# environment
QT_ACCESSIBILITY = 1
# default
MAKEFILES := 
# environment
LC_NUMERIC = es_NI.UTF-8
# automatic
<F = $(notdir $<)
# environment
LC_MEASUREMENT = es_NI.UTF-8
# environment
LC_ALL = C
# makefile (from 'Makefile', line 9)
BINARY_WIN = ${BINARY}-win
# makefile (from 'Makefile', line 10)
BINARY_OSX = ${BINARY}-darwin
# environment
GJS_DEBUG_TOPICS = JS ERROR;JS LOG
# automatic
^F = $(notdir $^)
# default
SUFFIXES := 
# environment
CHROME_DESKTOP = code-url-handler.desktop
# environment
WINDOWPATH = 2
# default
.INCLUDE_DIRS = /usr/include /usr/local/include /usr/include
# environment
LC_IDENTIFICATION = es_NI.UTF-8
# default
.RECIPEPREFIX := 
# environment
LC_ADDRESS = es_NI.UTF-8
# environment
LANG = C
# environment
VSCODE_PID = 999956
# variable set hash-table stats:
# Load=125/1024=12%, Rehash=0, Collisions=19/155=12%

# Pattern-specific Variable Values

# No pattern-specific variable values.

# Directories

# . (device 66311, inode 16384686): 18 files, no impossibilities.

# 18 files, no impossibilities in 1 directories.

# Implicit Rules

# No implicit rules.

# Files

update-pkg-cache:
#  Implicit rule search has not been done.
#  Modification time never checked.
#  File has not been updated.

code-check:
#  Implicit rule search has not been done.
#  Modification time never checked.
#  File has not been updated.
#  recipe to execute (from 'Makefile', line 72):
	@go vet -v ./...
	@echo "[OK] code check finished"

all: build test check-test-coverage code-check compile
#  Command line target.
#  Implicit rule search has been done.
#  File does not exist.
#  File has been updated.
#  Needs to be updated (-q is set).
# variable set hash-table stats:
# Load=0/32=0%, Rehash=0, Collisions=0/3=0%

.PHONY: test
#  Implicit rule search has not been done.
 
#  Modification time never checked.
#  File has not been updated.

profiling:
#  Implicit rule search has not been done.
#  Modification time never checked.
#  File has not been updated.
#  recipe to execute (from 'Makefile', line 53):
	@go test -bench=. -benchtime 100000x -run=^$ -cpuprofile=cpu.prof -memprofile=prof.mem
	@echo "[OK] profiling finished"

# Not a target:
.SUFFIXES:
#  Implicit rule search has not been done.
#  Modification time never checked.
#  File has not been updated.

# Not a target:
Makefile:
#  Implicit rule search has been done.
#  Last modified 2022-06-09 13:24:58.273964744
#  File has been updated.
#  Successfully updated.

compile-linux:
#  Implicit rule search has not been done.
#  Modification time never checked.
#  File has not been updated.
#  recipe to execute (from 'Makefile', line 92):
	@GOOS=linux GOARCH=amd64 go build -o bin/${LINUX_64} main.go
	@GOOS=linux GOARCH=386 go build -o bin/${LINUX_32} main.go

test:
#  Phony target (prerequisite of .PHONY).
#  Implicit rule search has not been done.
#  File does not exist.
#  File has not been updated.
#  recipe to execute (from 'Makefile', line 27):
	@go test -v ./... -count 1 -race
	@echo "[OK] test finished"

build:
#  Implicit rule search has not been done.
#  Implicit/static pattern stem: ''
#  File does not exist.
#  File has been updated.
#  Needs to be updated (-q is set).
# automatic
# @ := build
# automatic
# % := 
# automatic
# * := 
# automatic
# + := 
# automatic
# | := 
# automatic
# < := 
# automatic
# ^ := 
# automatic
# ? := 
# variable set hash-table stats:
# Load=8/32=25%, Rehash=0, Collisions=1/11=9%
#  recipe to execute (from 'Makefile', line 65):
	@go build -v ./...

benchmark:
#  Implicit rule search has not been done.
#  Modification time never checked.
#  File has not been updated.
#  recipe to execute (from 'Makefile', line 35):
	@go test ./... -bench=. -benchtime 100000x -count 5
	@echo "[OK] benchmark finished"

code-fmt:
#  Implicit rule search has not been done.
#  Modification time never checked.
#  File has not been updated.
#  recipe to execute (from 'Makefile', line 68):
	@go fmt ./...
	@echo "[OK] code format finished"

compile-mac:
#  Implicit rule search has not been done.
#  Modification time never checked.
#  File has not been updated.
#  recipe to execute (from 'Makefile', line 89):
	@GOOS=darwin GOARCH=amd64 go build -o bin/${OSX_64} main.go

compile: compile-linux compile-win compile-mac
#  Implicit rule search has not been done.
#  Modification time never checked.
#  File has not been updated.
#  recipe to execute (from 'Makefile', line 96):
	@echo "[OK] Compiling for every OS and Platform"
	

# Not a target:
.DEFAULT:
#  Implicit rule search has not been done.
#  Modification time never checked.
#  File has not been updated.

run:
#  Implicit rule search has not been done.
#  Modification time never checked.
#  File has not been updated.
#  recipe to execute (from 'Makefile', line 99):
	@go run main.go

clean:
#  Implicit rule search has not been done.
#  Modification time never checked.
#  File has not been updated.
#  recipe to execute (from 'Makefile', line 76):
	@go clean --cache ./... 
	@rm -f mem.prof
	@rm -f prof.mem
	@rm -rf bin
	@echo "[OK] cleaned"

coverage:
#  Implicit rule search has not been done.
#  Modification time never checked.
#  File has not been updated.
#  recipe to execute (from 'Makefile', line 57):
	@go test -coverprofile coverage ./...
	@echo "[OK] coverage finished"
	

coverage-export: coverage
#  Implicit rule search has not been done.
#  Modification time never checked.
#  File has not been updated.
#  recipe to execute (from 'Makefile', line 61):
	@go tool cover -html=coverage
	@echo "[OK] code test coverage finished"

compile-win:
#  Implicit rule search has not been done.
#  Modification time never checked.
#  File has not been updated.
#  recipe to execute (from 'Makefile', line 83):
	@GOOS=windows GOARCH=amd64 go build -o bin/${WIN_64} main.go
	@GOOS=windows GOARCH=386 go build -o bin/${WIN_32} main.go

# Not a target:
check-test-coverage:
#  Implicit rule search has not been done.
#  Modification time never checked.
#  File has not been updated.

# files hash-table stats:
# Load=21/1024=2%, Rehash=0, Collisions=0/44=0%
# VPATH Search Paths

# No 'vpath' search paths.

# No general ('VPATH' variable) search path.

# strcache buffers: 1 (0) / strings = 40 / storage = 351 B / avg = 8 B
# current buf: size = 8162 B / used = 351 B / count = 40 / avg = 8 B

# strcache performance: lookups = 72 / hit rate = 44%
# hash-table stats:
# Load=40/8192=0%, Rehash=0, Collisions=1/72=1%
# Finished Make data base on Thu Jun  9 18:51:07 2022

 
